Arguments: 
  C:\Program Files\nodejs\node.exe C:\Program Files (x86)\Yarn\bin\yarn.js init

PATH: 
  C:\Users\ZX\bin;C:\Program Files\Git\mingw64\bin;C:\Program Files\Git\usr\local\bin;C:\Program Files\Git\usr\bin;C:\Program Files\Git\usr\bin;C:\Program Files\Git\mingw64\bin;C:\Program Files\Git\usr\bin;C:\Users\ZX\bin;C:\Program Files\Haskell\bin;C:\Program Files\Haskell Platform\8.2.1\lib\extralibs\bin;C:\Program Files\Haskell Platform\8.2.1\bin;C:\Windows\system32;C:\Windows;C:\Windows\system32\wbem;C:\ProgramData\Oracle\Java\javapath;C:\Program Files (x86)\Yaws-2.0.4\bin;C:\Program Files\Python36\Scripts;C:\Program Files\Python36;C:\Windows\System32\WindowsPowerShell\v1.0;C:\Program Files\nodejs;C:\Program Files\OpenVPN\bin;C:\Program Files (x86)\QuickTime\QTSystem;C:\Program Files\Emscripten\emscripten\1.35.0;C:\Program Files\Emscripten;C:\Program Files\Emscripten\clang\e1.35.0_64bit;C:\Program Files\Emscripten\node\0.12.2_64bit;C:\Program Files\Emscripten\python\2.7.5.3_64bit;C:\Program Files\Emscripten\java\7.45_64bit\bin;C:\Program Files\Emscripten\crunch\1.03;C:\Program Files\Emscripten\mingw\4.6.2_32bit;C:\Program Files\Git\cmd;C:\Program Files\Microsoft\Web Platform Installer;C:\Program Files\nodejs;C:\Program Files\Haskell Platform\8.2.1\mingw\bin;C:\Program Files (x86)\Yarn\bin;set PATH=C;C:\Program Files\Git\Program Files\Haskell\bin;C:\Program Files\Haskell Platform\8.2.1\lib\extralibs\bin;C:\Program Files\Haskell Platform\8.2.1\bin;C:\Windows\system32;C:\Windows;C:\Windows\system32\wbem;C:\ProgramData\Oracle\Java\javapath;C:\Program Files (x86)\Yaws-2.0.4\bin;C:\Program Files\Python36\Scripts;C:\Program Files\Python36;C:\Windows\System32\WindowsPowerShell\v1.0;C:\Program Files\nodejs;C:\Program Files\OpenVPN\bin;C:\Program Files (x86)\QuickTime\QTSystem;C:\Program Files\Emscripten\emscripten\1.35.0;C:\Program Files\Emscripten;C:\Program Files\Emscripten\clang\e1.35.0_64bit;C:\Program Files\Emscripten\node\0.12.2_64bit;C:\Program Files\Emscripten\python\2.7.5.3_64bit;C:\Program Files\Emscripten\java\7.45_64bit\bin;C:\Program Files\Emscripten\crunch\1.03;C:\Program Files\Emscripten\mingw\4.6.2_32bit;C:\Program Files\Git\cmd;C:\Program Files\Microsoft\Web Platform Installer;C:\Program Files\nodejs;C:\Program Files\Haskell Platform\8.2.1\mingw\bin;C:\Program Files (x86)\Yarn\bin;C:\.yarn\bin;C:\Program Files\Git\usr\bin\vendor_perl;C:\Program Files\Git\usr\bin\core_perl

Yarn version: 
  1.0.2

Node version: 
  8.4.0

Platform: 
  win32 x64

npm manifest: 
  {
    "name": "bwd",
    "version": "1.0.0",
    "description": "Biga Web Design",
    "main": "server.js",
    "scripts": {
      "start": "node server.js >> logs/logs.log"
    },
    "author": "",
    "license": "MIT",
    "dependencies": {
      "express": "^4.15.4",
      "morgan": "^1.8.2",
      "serve-favicon": "^2.4.4",
      "uikit": "^3.0.0-beta.30"
    },
    "devDependencies": {}
  }

yarn manifest: 
  No manifest

Lockfile: 
  No lockfile

Trace: 
  Error: Can't answer a question unless a user TTY
      at ConsoleReporter.question (C:\Program Files (x86)\Yarn\lib\cli.js:85363:59)
      at Object.<anonymous> (C:\Program Files (x86)\Yarn\lib\cli.js:79970:38)
      at Generator.next (<anonymous>)
      at step (C:\Program Files (x86)\Yarn\lib\cli.js:92:30)
      at C:\Program Files (x86)\Yarn\lib\cli.js:103:13
      at <anonymous>
      at process._tickCallback (internal/process/next_tick.js:188:7)
