server başlatıldı! http://localhost:3000
[0mGET /hakkimizda [36m304 [0m7.269 ms - -[0m
[0mGET /node_modules/uikit/dist/css/uikit.min.css [33m404 [0m9.501 ms - 128[0m
[0mGET /assets/css/uikit.css [33m404 [0m14.884 ms - 128[0m
[0mGET /node_modules/uikit/dist/js/uikit-icons.min.js [33m404 [0m15.500 ms - 128[0m
[0mGET /node_modules/uikit/dist/js/uikit.min.js [33m404 [0m15.701 ms - 128[0m
[0mGET /hakkimizda [36m304 [0m0.525 ms - -[0m
[0mGET /node_modules/uikit/dist/css/uikit.min.css [33m404 [0m3.592 ms - 128[0m
[0mGET /assets/css/uikit.css [33m404 [0m3.255 ms - 128[0m
[0mGET /node_modules/uikit/dist/js/uikit-icons.min.js [33m404 [0m3.391 ms - 128[0m
[0mGET /node_modules/uikit/dist/js/uikit.min.js [33m404 [0m3.579 ms - 128[0m
[0mGET /hakkimizda [36m304 [0m0.530 ms - -[0m
[0mGET /node_modules/uikit/dist/css/uikit.min.css [33m404 [0m4.031 ms - 128[0m
[0mGET /assets/css/uikit.css [33m404 [0m4.395 ms - 128[0m
[0mGET /node_modules/uikit/dist/js/uikit-icons.min.js [33m404 [0m4.561 ms - 128[0m
[0mGET /node_modules/uikit/dist/js/uikit.min.js [33m404 [0m3.856 ms - 128[0m
[0mGET /hakkimizda [36m304 [0m2.158 ms - -[0m
[0mGET /node_modules/uikit/dist/css/uikit.min.css [33m404 [0m2.999 ms - 128[0m
[0mGET /node_modules/uikit/dist/js/uikit-icons.min.js [33m404 [0m3.029 ms - 128[0m
[0mGET /node_modules/uikit/dist/js/uikit.min.js [33m404 [0m3.624 ms - 128[0m
[0mGET /assets/css/uikit.css [33m404 [0m5.484 ms - 128[0m
[0mGET /node_modules/uikit/dist/js/uikit.min.js [33m404 [0m1.037 ms - 128[0m
[0mGET /hakkimizda [36m304 [0m7.493 ms - -[0m
[0mGET /node_modules/uikit/dist/css/uikit.min.css [33m404 [0m0.924 ms - 128[0m
[0mGET /assets/css/uikit.css [33m404 [0m2.483 ms - 128[0m
[0mGET /node_modules/uikit/dist/js/uikit.min.js [33m404 [0m2.063 ms - 128[0m
[0mGET /node_modules/uikit/dist/js/uikit-icons.min.js [33m404 [0m3.289 ms - 128[0m
[0mGET /node_modules/uikit/dist/js/uikit.min.js [33m404 [0m0.722 ms - 128[0m
[0mGET /hakkimizda [36m304 [0m2.690 ms - -[0m
[0mGET /node_modules/uikit/dist/css/uikit.min.css [33m404 [0m3.229 ms - 128[0m
[0mGET /assets/css/uikit.css [33m404 [0m3.395 ms - 128[0m
[0mGET /node_modules/uikit/dist/js/uikit-icons.min.js [33m404 [0m3.058 ms - 128[0m
[0mGET /node_modules/uikit/dist/js/uikit.min.js [33m404 [0m3.187 ms - 128[0m
[0mGET /hakkimizda [36m304 [0m0.597 ms - -[0m
[0mGET /node_modules/uikit/dist/css/uikit.min.css [33m404 [0m4.281 ms - 128[0m
[0mGET /assets/css/uikit.css [33m404 [0m4.414 ms - 128[0m
[0mGET /node_modules/uikit/dist/js/uikit-icons.min.js [33m404 [0m3.891 ms - 128[0m
[0mGET /node_modules/uikit/dist/js/uikit.min.js [33m404 [0m4.084 ms - 128[0m
[0mGET /hakkimizda [36m304 [0m1.334 ms - -[0m
[0mGET /node_modules/uikit/dist/css/uikit.min.css [33m404 [0m4.380 ms - 128[0m
[0mGET /assets/css/uikit.css [33m404 [0m3.804 ms - 128[0m
[0mGET /node_modules/uikit/dist/js/uikit-icons.min.js [33m404 [0m3.917 ms - 128[0m
[0mGET /node_modules/uikit/dist/js/uikit.min.js [33m404 [0m4.054 ms - 128[0m
[0mGET /hakkimizda [36m304 [0m0.663 ms - -[0m
[0mGET /node_modules/uikit/dist/css/uikit.min.css [33m404 [0m5.394 ms - 128[0m
[0mGET /node_modules/uikit/dist/js/uikit-icons.min.js [33m404 [0m3.608 ms - 128[0m
[0mGET /node_modules/uikit/dist/js/uikit.min.js [33m404 [0m3.686 ms - 128[0m
[0mGET /assets/css/uikit.css [33m404 [0m7.099 ms - 128[0m
[0mGET /node_modules/uikit/dist/js/uikit.min.js [33m404 [0m1.786 ms - 128[0m
[0mGET /hakkimizda [36m304 [0m0.688 ms - -[0m
[0mGET /assets/css/uikit.css [33m404 [0m1.444 ms - 128[0m
[0mGET /node_modules/uikit/dist/css/uikit.min.css [33m404 [0m2.625 ms - 128[0m
[0mGET /node_modules/uikit/dist/js/uikit-icons.min.js [33m404 [0m3.264 ms - 128[0m
[0mGET /node_modules/uikit/dist/js/uikit.min.js [33m404 [0m3.505 ms - 128[0m
[0mGET /hakkimizda [36m304 [0m0.482 ms - -[0m
[0mGET /node_modules/uikit/dist/css/uikit.min.css [33m404 [0m2.620 ms - 128[0m
[0mGET /assets/css/uikit.css [33m404 [0m2.648 ms - 128[0m
[0mGET /node_modules/uikit/dist/js/uikit-icons.min.js [33m404 [0m1.441 ms - 128[0m
[0mGET /node_modules/uikit/dist/js/uikit.min.js [33m404 [0m1.705 ms - 128[0m
[0mGET /hakkimizda [36m304 [0m2.130 ms - -[0m
[0mGET /node_modules/uikit/dist/css/uikit.min.css [33m404 [0m4.520 ms - 128[0m
[0mGET /node_modules/uikit/dist/js/uikit-icons.min.js [33m404 [0m2.836 ms - 128[0m
[0mGET /assets/css/uikit.css [33m404 [0m7.277 ms - 128[0m
[0mGET /node_modules/uikit/dist/js/uikit.min.js [33m404 [0m6.536 ms - 128[0m
[0mGET /node_modules/uikit/dist/js/uikit.min.js [33m404 [0m0.847 ms - 128[0m
[0mGET /hakkimizda [36m304 [0m0.867 ms - -[0m
[0mGET /node_modules/uikit/dist/css/uikit.min.css [33m404 [0m0.916 ms - 128[0m
[0mGET /assets/css/uikit.css [33m404 [0m2.296 ms - 128[0m
[0mGET /node_modules/uikit/dist/js/uikit-icons.min.js [33m404 [0m2.740 ms - 128[0m
[0mGET /node_modules/uikit/dist/js/uikit.min.js [33m404 [0m2.901 ms - 128[0m
[0mGET /hakkimizda [36m304 [0m1.726 ms - -[0m
[0mGET /assets/css/uikit.css [33m404 [0m1.839 ms - 128[0m
[0mGET /node_modules/uikit/dist/js/uikit-icons.min.js [33m404 [0m2.004 ms - 128[0m
[0mGET /node_modules/uikit/dist/css/uikit.min.css [33m404 [0m3.728 ms - 128[0m
[0mGET /node_modules/uikit/dist/js/uikit.min.js [33m404 [0m2.903 ms - 128[0m
[0mGET /node_modules/uikit/dist/js/uikit.min.js [33m404 [0m1.029 ms - 128[0m
[0mGET /hakkimizda [36m304 [0m0.516 ms - -[0m
[0mGET /node_modules/uikit/dist/css/uikit.min.css [33m404 [0m3.793 ms - 128[0m
[0mGET /assets/css/uikit.css [33m404 [0m3.505 ms - 128[0m
[0mGET /node_modules/uikit/dist/js/uikit-icons.min.js [33m404 [0m3.415 ms - 128[0m
[0mGET /node_modules/uikit/dist/js/uikit.min.js [33m404 [0m3.628 ms - 128[0m
[0mGET /hakkimizda [36m304 [0m1.016 ms - -[0m
[0mGET /node_modules/uikit/dist/css/uikit.min.css [33m404 [0m3.785 ms - 128[0m
[0mGET /assets/css/uikit.css [33m404 [0m3.951 ms - 128[0m
[0mGET /node_modules/uikit/dist/js/uikit-icons.min.js [33m404 [0m4.103 ms - 128[0m
[0mGET /node_modules/uikit/dist/js/uikit.min.js [33m404 [0m2.423 ms - 128[0m
[0mGET /hakkimizda [36m304 [0m1.353 ms - -[0m
[0mGET /node_modules/uikit/dist/css/uikit.min.css [33m404 [0m3.618 ms - 128[0m
[0mGET /assets/css/uikit.css [33m404 [0m1.681 ms - 128[0m
[0mGET /node_modules/uikit/dist/js/uikit-icons.min.js [33m404 [0m1.516 ms - 128[0m
[0mGET /node_modules/uikit/dist/js/uikit.min.js [33m404 [0m1.674 ms - 128[0m
[0mGET /hakkimizda [36m304 [0m0.476 ms - -[0m
[0mGET /node_modules/uikit/dist/css/uikit.min.css [33m404 [0m4.315 ms - 128[0m
[0mGET /node_modules/uikit/dist/js/uikit-icons.min.js [33m404 [0m4.384 ms - 128[0m
[0mGET /assets/css/uikit.css [33m404 [0m5.985 ms - 128[0m
[0mGET /node_modules/uikit/dist/js/uikit.min.js [33m404 [0m6.008 ms - 128[0m
[0mGET /node_modules/uikit/dist/js/uikit.min.js [33m404 [0m2.204 ms - 128[0m
[0mGET /hakkimizda [36m304 [0m0.517 ms - -[0m
[0mGET /node_modules/uikit/dist/css/uikit.min.css [33m404 [0m3.733 ms - 128[0m
[0mGET /assets/css/uikit.css [33m404 [0m3.345 ms - 128[0m
[0mGET /node_modules/uikit/dist/js/uikit-icons.min.js [33m404 [0m3.064 ms - 128[0m
[0mGET /node_modules/uikit/dist/js/uikit.min.js [33m404 [0m2.901 ms - 128[0m
[0mGET /hakkimizda [36m304 [0m0.498 ms - -[0m
[0mGET /node_modules/uikit/dist/css/uikit.min.css [33m404 [0m2.606 ms - 128[0m
[0mGET /assets/css/uikit.css [33m404 [0m2.650 ms - 128[0m
[0mGET /node_modules/uikit/dist/js/uikit-icons.min.js [33m404 [0m2.680 ms - 128[0m
[0mGET /node_modules/uikit/dist/js/uikit.min.js [33m404 [0m2.822 ms - 128[0m
[0mGET /hakkimizda [36m304 [0m0.591 ms - -[0m
[0mGET /node_modules/uikit/dist/css/uikit.min.css [33m404 [0m2.625 ms - 128[0m
[0mGET /node_modules/uikit/dist/js/uikit-icons.min.js [33m404 [0m2.250 ms - 128[0m
[0mGET /node_modules/uikit/dist/js/uikit.min.js [33m404 [0m2.572 ms - 128[0m
[0mGET /assets/css/uikit.css [33m404 [0m4.233 ms - 128[0m
[0mGET /hakkimizda [36m304 [0m0.921 ms - -[0m
[0mGET /hakkimizda [36m304 [0m0.510 ms - -[0m
[0mGET /node_modules/uikit/dist/css/uikit.min.css [33m404 [0m6.026 ms - 128[0m
[0mGET /node_modules/uikit/dist/js/uikit-icons.min.js [33m404 [0m2.940 ms - 128[0m
[0mGET /node_modules/uikit/dist/js/uikit.min.js [33m404 [0m2.883 ms - 128[0m
[0mGET /assets/css/uikit.css [33m404 [0m6.820 ms - 128[0m
[0mGET /node_modules/uikit/dist/js/uikit.min.js [33m404 [0m0.715 ms - 128[0m
[0mGET /hakkimizda [36m304 [0m0.543 ms - -[0m
[0mGET /node_modules/uikit/dist/css/uikit.min.css [33m404 [0m3.043 ms - 128[0m
[0mGET /node_modules/uikit/dist/js/uikit-icons.min.js [33m404 [0m2.713 ms - 128[0m
[0mGET /assets/css/uikit.css [33m404 [0m4.149 ms - 128[0m
[0mGET /node_modules/uikit/dist/js/uikit.min.js [33m404 [0m3.969 ms - 128[0m
[0mGET /node_modules/uikit/dist/js/uikit.min.js [33m404 [0m0.741 ms - 128[0m
[0mGET /hakkimizda [36m304 [0m0.387 ms - -[0m
[0mGET /node_modules/uikit/dist/css/uikit.min.css [33m404 [0m3.075 ms - 128[0m
[0mGET /assets/css/uikit.css [33m404 [0m3.670 ms - 128[0m
[0mGET /node_modules/uikit/dist/js/uikit-icons.min.js [33m404 [0m3.872 ms - 128[0m
[0mGET /node_modules/uikit/dist/js/uikit.min.js [33m404 [0m4.956 ms - 128[0m
[0mGET /hakkimizda [0m- [0m- ms - -[0m
[0mGET /hakkimizda [32m200 [0m1.496 ms - 1779[0m
[0mGET /node_modules/uikit/dist/css/uikit.min.css [33m404 [0m3.720 ms - 128[0m
[0mGET /assets/css/uikit.css [33m404 [0m2.921 ms - 128[0m
[0mGET /node_modules/uikit/dist/js/uikit.min.js [33m404 [0m2.551 ms - 128[0m
[0mGET /node_modules/uikit/dist/js/uikit-icons.min.js [33m404 [0m3.804 ms - 128[0m
[0mGET /node_modules/uikit/dist/js/uikit.min.js [33m404 [0m4.659 ms - 128[0m
[0mGET /hakkimizda [36m304 [0m0.757 ms - -[0m
[0mGET /assets/css/uikit.css [33m404 [0m4.092 ms - 128[0m
[0mGET /node_modules/uikit/dist/js/uikit.min.js [33m404 [0m3.990 ms - 128[0m
[0mGET /node_modules/uikit/dist/js/uikit-icons.min.js [33m404 [0m5.514 ms - 128[0m
[0mGET /node_modules/uikit/dist/css/uikit.min.css [33m404 [0m7.659 ms - 128[0m
[0mGET /node_modules/uikit/dist/js/uikit.min.js [33m404 [0m2.137 ms - 128[0m
[0mGET /hakkimizda [36m304 [0m0.691 ms - -[0m
[0mGET /node_modules/uikit/dist/css/uikit.min.css [33m404 [0m3.924 ms - 128[0m
[0mGET /assets/css/uikit.css [33m404 [0m4.035 ms - 128[0m
[0mGET /node_modules/uikit/dist/js/uikit-icons.min.js [33m404 [0m3.259 ms - 128[0m
[0mGET /node_modules/uikit/dist/js/uikit.min.js [33m404 [0m3.337 ms - 128[0m
[0mGET /hakkimizda [36m304 [0m3.281 ms - -[0m
[0mGET /node_modules/uikit/dist/css/uikit.min.css [33m404 [0m3.480 ms - 128[0m
[0mGET /assets/css/uikit.css [33m404 [0m3.458 ms - 128[0m
[0mGET /node_modules/uikit/dist/js/uikit-icons.min.js [33m404 [0m3.679 ms - 128[0m
[0mGET /node_modules/uikit/dist/js/uikit.min.js [33m404 [0m3.682 ms - 128[0m
[0mGET /hakkimizda [36m304 [0m3.110 ms - -[0m
[0mGET /node_modules/uikit/dist/css/uikit.min.css [33m404 [0m3.713 ms - 128[0m
[0mGET /assets/css/uikit.css [33m404 [0m4.060 ms - 128[0m
[0mGET /node_modules/uikit/dist/js/uikit-icons.min.js [33m404 [0m2.901 ms - 128[0m
[0mGET /node_modules/uikit/dist/js/uikit.min.js [33m404 [0m3.038 ms - 128[0m
[0mGET /hakkimizda [36m304 [0m0.343 ms - -[0m
[0mGET /node_modules/uikit/dist/css/uikit.min.css [33m404 [0m4.803 ms - 128[0m
[0mGET /assets/css/uikit.css [33m404 [0m4.699 ms - 128[0m
[0mGET /node_modules/uikit/dist/js/uikit-icons.min.js [33m404 [0m4.515 ms - 128[0m
[0mGET /node_modules/uikit/dist/js/uikit.min.js [33m404 [0m4.751 ms - 128[0m
[0mGET /hakkimizda [36m304 [0m0.446 ms - -[0m
[0mGET /node_modules/uikit/dist/css/uikit.min.css [33m404 [0m3.686 ms - 128[0m
[0mGET /assets/css/uikit.css [33m404 [0m3.702 ms - 128[0m
[0mGET /node_modules/uikit/dist/js/uikit-icons.min.js [33m404 [0m3.366 ms - 128[0m
[0mGET /node_modules/uikit/dist/js/uikit.min.js [33m404 [0m3.437 ms - 128[0m
[0mGET /robots.txt [33m404 [0m0.555 ms - 128[0m
[0mGET /robots.txt [33m404 [0m5.094 ms - 128[0m
[0mGET /robots.txt [33m404 [0m3.758 ms - 128[0m
[0mGET /hakkimizda [36m304 [0m0.496 ms - -[0m
[0mGET /node_modules/uikit/dist/css/uikit.min.css [33m404 [0m2.989 ms - 128[0m
[0mGET /assets/css/uikit.css [33m404 [0m2.988 ms - 128[0m
[0mGET /node_modules/uikit/dist/js/uikit-icons.min.js [33m404 [0m3.098 ms - 128[0m
[0mGET /node_modules/uikit/dist/js/uikit.min.js [33m404 [0m2.347 ms - 128[0m
[0mGET /hakkimizda [36m304 [0m1.264 ms - -[0m
[0mGET /node_modules/uikit/dist/css/uikit.min.css [33m404 [0m2.054 ms - 128[0m
[0mGET /assets/css/uikit.css [33m404 [0m2.127 ms - 128[0m
[0mGET /node_modules/uikit/dist/js/uikit-icons.min.js [33m404 [0m2.260 ms - 128[0m
[0mGET /node_modules/uikit/dist/js/uikit.min.js [33m404 [0m2.407 ms - 128[0m
[0mGET /hakkimizda [36m304 [0m10.939 ms - -[0m
[0mGET /node_modules/uikit/dist/js/uikit-icons.min.js [0m- [0m- ms - -[0m
[0mGET /node_modules/uikit/dist/css/uikit.min.css [33m404 [0m4.341 ms - 128[0m
[0mGET /assets/css/uikit.css [33m404 [0m4.507 ms - 128[0m
[0mGET /node_modules/uikit/dist/js/uikit.min.js [33m404 [0m3.318 ms - 128[0m
[0mGET /hakkimizda [36m304 [0m0.604 ms - -[0m
[0mGET /node_modules/uikit/dist/css/uikit.min.css [33m404 [0m3.038 ms - 128[0m
[0mGET /assets/css/uikit.css [33m404 [0m3.387 ms - 128[0m
[0mGET /node_modules/uikit/dist/js/uikit-icons.min.js [33m404 [0m5.173 ms - 128[0m
[0mGET /node_modules/uikit/dist/js/uikit.min.js [33m404 [0m5.728 ms - 128[0m
[0mGET /hakkimizda [36m304 [0m0.750 ms - -[0m
[0mGET /node_modules/uikit/dist/css/uikit.min.css [33m404 [0m2.571 ms - 128[0m
[0mGET /assets/css/uikit.css [33m404 [0m2.513 ms - 128[0m
[0mGET /node_modules/uikit/dist/js/uikit-icons.min.js [33m404 [0m2.468 ms - 128[0m
[0mGET /node_modules/uikit/dist/js/uikit.min.js [33m404 [0m2.455 ms - 128[0m
[0mGET /hakkimizda [36m304 [0m0.407 ms - -[0m
[0mGET /node_modules/uikit/dist/css/uikit.min.css [33m404 [0m3.243 ms - 128[0m
[0mGET /assets/css/uikit.css [33m404 [0m3.017 ms - 128[0m
[0mGET /node_modules/uikit/dist/js/uikit.min.js [33m404 [0m2.787 ms - 128[0m
[0mGET /node_modules/uikit/dist/js/uikit-icons.min.js [33m404 [0m3.864 ms - 128[0m
[0mGET /node_modules/uikit/dist/js/uikit.min.js [33m404 [0m0.752 ms - 128[0m
[0mGET /hakkimizda [36m304 [0m0.614 ms - -[0m
[0mGET /node_modules/uikit/dist/css/uikit.min.css [33m404 [0m3.428 ms - 128[0m
[0mGET /assets/css/uikit.css [33m404 [0m3.781 ms - 128[0m
[0mGET /node_modules/uikit/dist/js/uikit-icons.min.js [33m404 [0m3.946 ms - 128[0m
[0mGET /node_modules/uikit/dist/js/uikit.min.js [33m404 [0m3.529 ms - 128[0m
[0mGET /hakkimizda [36m304 [0m0.751 ms - -[0m
[0mGET /node_modules/uikit/dist/css/uikit.min.css [33m404 [0m2.935 ms - 128[0m
[0mGET /assets/css/uikit.css [33m404 [0m3.127 ms - 128[0m
[0mGET /node_modules/uikit/dist/js/uikit-icons.min.js [33m404 [0m3.266 ms - 128[0m
[0mGET /node_modules/uikit/dist/js/uikit.min.js [33m404 [0m3.055 ms - 128[0m
[0mGET /hakkimizda [36m304 [0m0.545 ms - -[0m
[0mGET /node_modules/uikit/dist/css/uikit.min.css [33m404 [0m4.043 ms - 128[0m
[0mGET /node_modules/uikit/dist/js/uikit-icons.min.js [33m404 [0m3.026 ms - 128[0m
[0mGET /assets/css/uikit.css [33m404 [0m4.687 ms - 128[0m
[0mGET /node_modules/uikit/dist/js/uikit.min.js [33m404 [0m3.704 ms - 128[0m
[0mGET /node_modules/uikit/dist/js/uikit.min.js [33m404 [0m1.686 ms - 128[0m
[0mGET /hakkimizda [36m304 [0m1.293 ms - -[0m
[0mGET /node_modules/uikit/dist/css/uikit.min.css [33m404 [0m4.427 ms - 128[0m
[0mGET /assets/css/uikit.css [33m404 [0m2.857 ms - 128[0m
[0mGET /node_modules/uikit/dist/js/uikit.min.js [33m404 [0m3.261 ms - 128[0m
[0mGET /node_modules/uikit/dist/js/uikit-icons.min.js [33m404 [0m4.428 ms - 128[0m
[0mGET /node_modules/uikit/dist/js/uikit.min.js [33m404 [0m0.870 ms - 128[0m
[0mGET /hakkimizda [36m304 [0m0.461 ms - -[0m
[0mGET /node_modules/uikit/dist/css/uikit.min.css [33m404 [0m2.389 ms - 128[0m
[0mGET /node_modules/uikit/dist/js/uikit-icons.min.js [33m404 [0m3.007 ms - 128[0m
[0mGET /node_modules/uikit/dist/js/uikit.min.js [33m404 [0m3.302 ms - 128[0m
[0mGET /assets/css/uikit.css [33m404 [0m5.323 ms - 128[0m
[0mGET /node_modules/uikit/dist/js/uikit.min.js [33m404 [0m0.796 ms - 128[0m
[0mGET /hakkimizda [36m304 [0m0.546 ms - -[0m
[0mGET /node_modules/uikit/dist/css/uikit.min.css [33m404 [0m2.441 ms - 128[0m
[0mGET /node_modules/uikit/dist/js/uikit-icons.min.js [33m404 [0m2.278 ms - 128[0m
[0mGET /node_modules/uikit/dist/js/uikit.min.js [33m404 [0m2.402 ms - 128[0m
[0mGET /assets/css/uikit.css [33m404 [0m3.660 ms - 128[0m
[0mGET /node_modules/uikit/dist/js/uikit.min.js [33m404 [0m0.834 ms - 128[0m
[0mGET /hakkimizda [36m304 [0m0.760 ms - -[0m
[0mGET /node_modules/uikit/dist/css/uikit.min.css [33m404 [0m1.851 ms - 128[0m
[0mGET /assets/css/uikit.css [33m404 [0m1.723 ms - 128[0m
[0mGET /node_modules/uikit/dist/js/uikit-icons.min.js [33m404 [0m1.742 ms - 128[0m
[0mGET /node_modules/uikit/dist/js/uikit.min.js [33m404 [0m1.774 ms - 128[0m
[0mGET /hakkimizda [36m304 [0m0.415 ms - -[0m
[0mGET /node_modules/uikit/dist/css/uikit.min.css [33m404 [0m2.930 ms - 128[0m
[0mGET /assets/css/uikit.css [33m404 [0m2.566 ms - 128[0m
[0mGET /node_modules/uikit/dist/js/uikit-icons.min.js [33m404 [0m2.418 ms - 128[0m
[0mGET /node_modules/uikit/dist/js/uikit.min.js [33m404 [0m2.459 ms - 128[0m
[0mGET /hakkimizda [36m304 [0m1.137 ms - -[0m
[0mGET /node_modules/uikit/dist/css/uikit.min.css [33m404 [0m2.099 ms - 128[0m
[0mGET /assets/css/uikit.css [33m404 [0m3.920 ms - 128[0m
[0mGET /node_modules/uikit/dist/js/uikit-icons.min.js [33m404 [0m4.110 ms - 128[0m
[0mGET /node_modules/uikit/dist/js/uikit.min.js [33m404 [0m3.466 ms - 128[0m
[0mGET /hakkimizda [36m304 [0m0.601 ms - -[0m
[0mGET /node_modules/uikit/dist/css/uikit.min.css [33m404 [0m6.754 ms - 128[0m
[0mGET /assets/css/uikit.css [33m404 [0m1.754 ms - 128[0m
[0mGET /node_modules/uikit/dist/js/uikit-icons.min.js [33m404 [0m1.277 ms - 128[0m
[0mGET /node_modules/uikit/dist/js/uikit.min.js [33m404 [0m1.571 ms - 128[0m
[0mGET /hakkimizda [36m304 [0m0.629 ms - -[0m
[0mGET /node_modules/uikit/dist/css/uikit.min.css [33m404 [0m4.711 ms - 128[0m
[0mGET /assets/css/uikit.css [33m404 [0m4.649 ms - 128[0m
[0mGET /node_modules/uikit/dist/js/uikit-icons.min.js [33m404 [0m4.471 ms - 128[0m
[0mGET /node_modules/uikit/dist/js/uikit.min.js [33m404 [0m4.222 ms - 128[0m
[0mGET /hakkimizda [36m304 [0m0.508 ms - -[0m
[0mGET /node_modules/uikit/dist/css/uikit.min.css [33m404 [0m5.449 ms - 128[0m
[0mGET /node_modules/uikit/dist/js/uikit.min.js [33m404 [0m2.711 ms - 128[0m
[0mGET /assets/css/uikit.css [33m404 [0m6.530 ms - 128[0m
[0mGET /node_modules/uikit/dist/js/uikit-icons.min.js [33m404 [0m4.892 ms - 128[0m
[0mGET /node_modules/uikit/dist/js/uikit.min.js [33m404 [0m0.553 ms - 128[0m
[0mGET /hakkimizda [36m304 [0m0.433 ms - -[0m
[0mGET /node_modules/uikit/dist/css/uikit.min.css [33m404 [0m1.774 ms - 128[0m
[0mGET /node_modules/uikit/dist/js/uikit-icons.min.js [33m404 [0m1.393 ms - 128[0m
[0mGET /node_modules/uikit/dist/js/uikit.min.js [33m404 [0m2.189 ms - 128[0m
[0mGET /assets/css/uikit.css [33m404 [0m5.554 ms - 128[0m
[0mGET /node_modules/uikit/dist/js/uikit.min.js [33m404 [0m0.810 ms - 128[0m
[0mGET /hakkimizda [36m304 [0m1.037 ms - -[0m
[0mGET /assets/css/uikit.css [33m404 [0m1.656 ms - 128[0m
[0mGET /node_modules/uikit/dist/css/uikit.min.css [33m404 [0m2.870 ms - 128[0m
[0mGET /node_modules/uikit/dist/js/uikit.min.js [33m404 [0m2.119 ms - 128[0m
[0mGET /node_modules/uikit/dist/js/uikit-icons.min.js [33m404 [0m3.530 ms - 128[0m
[0mGET /node_modules/uikit/dist/js/uikit.min.js [33m404 [0m0.708 ms - 128[0m
[0mGET /hakkweodw%C4%B1e [33m404 [0m3.452 ms - 128[0m
[0mGET /hakkweodw%C4%B1e [33m404 [0m4.410 ms - 128[0m
[0mGET /hakkweodw%C4%B1e [33m404 [0m8.550 ms - 128[0m
server başlatıldı! http://localhost:3000
[0mGET /hakkimizda [36m304 [0m7.634 ms - -[0m
[0mGET /node_modules/uikit/dist/css/uikit.min.css [33m404 [0m9.176 ms - 128[0m
[0mGET /assets/css/uikit.css [33m404 [0m8.358 ms - 128[0m
[0mGET /node_modules/uikit/dist/js/uikit-icons.min.js [33m404 [0m7.636 ms - 128[0m
[0mGET /node_modules/uikit/dist/js/uikit.min.js [33m404 [0m7.667 ms - 128[0m
[0mGET /favicon.ico [33m404 [0m0.650 ms - 128[0m
[0mGET /node_modules/uikit/dist/css/uikit.min.css [33m404 [0m2.157 ms - 128[0m
[0mGET /assets/css/uikit.css [33m404 [0m1.080 ms - 128[0m
[0mGET /node_modules [33m404 [0m1.741 ms - 128[0m
server başlatıldı! http://localhost:3000
[0mGET /hakkimizda [32m200 [0m8.705 ms - 1852[0m
[0mGET /node_modules/uikit/dist/css/uikit.min.css [33m404 [0m4.436 ms - 128[0m
[0mGET /assets/css/uikit.css [33m404 [0m4.867 ms - 128[0m
[0mGET /node_modules/uikit/dist/js/uikit-icons.min.js [33m404 [0m5.135 ms - 128[0m
[0mGET /node_modules/uikit/dist/js/uikit.min.js [33m404 [0m6.124 ms - 128[0m
[0mGET /favicon.png [33m404 [0m3.199 ms - 128[0m
[0mGET /node_modules/uikit/dist/css/uikit.min.css [33m404 [0m2.074 ms - 128[0m
[0mGET /assets/css/uikit.css [33m404 [0m2.693 ms - 128[0m
server başlatıldı! http://localhost:3000
[0mGET /hakkimizda [32m200 [0m12.100 ms - 1853[0m
[0mGET /node_modules/uikit/dist/css/uikit.min.css [33m404 [0m6.725 ms - 128[0m
[0mGET /assets/css/uikit.css [33m404 [0m4.510 ms - 128[0m
[0mGET /node_modules/uikit/dist/js/uikit-icons.min.js [33m404 [0m4.577 ms - 128[0m
[0mGET /node_modules/uikit/dist/js/uikit.min.js [33m404 [0m4.814 ms - 128[0m
[0mGET /hakkimizda [36m304 [0m6.788 ms - -[0m
[0mGET /node_modules/uikit/dist/css/uikit.min.css [33m404 [0m2.597 ms - 128[0m
[0mGET /assets/css/uikit.css [33m404 [0m2.754 ms - 128[0m
[0mGET /node_modules/uikit/dist/js/uikit-icons.min.js [33m404 [0m2.960 ms - 128[0m
[0mGET /node_modules/uikit/dist/js/uikit.min.js [33m404 [0m3.139 ms - 128[0m
[0mGET /node_modules/uikit/dist/css/uikit.min.css [33m404 [0m3.752 ms - 128[0m
[0mGET /assets/css/uikit.css [33m404 [0m3.898 ms - 128[0m
[0mGET /hakkimizda [36m304 [0m0.937 ms - -[0m
[0mGET /node_modules/uikit/dist/css/uikit.min.css [33m404 [0m15.649 ms - 128[0m
[0mGET /assets/css/uikit.css [33m404 [0m14.956 ms - 128[0m
[0mGET /node_modules/uikit/dist/js/uikit-icons.min.js [33m404 [0m15.068 ms - 128[0m
[0mGET /node_modules/uikit/dist/js/uikit.min.js [33m404 [0m15.101 ms - 128[0m
[0mGET /hakkimizda [36m304 [0m5.001 ms - -[0m
[0mGET /node_modules/uikit/dist/css/uikit.min.css [33m404 [0m3.229 ms - 128[0m
[0mGET /assets/css/uikit.css [33m404 [0m5.803 ms - 128[0m
[0mGET /node_modules/uikit/dist/js/uikit-icons.min.js [33m404 [0m6.104 ms - 128[0m
[0mGET /node_modules/uikit/dist/js/uikit.min.js [33m404 [0m6.300 ms - 128[0m
[0mGET /node_modules/uikit/dist/css/uikit.min.css [33m404 [0m4.406 ms - 128[0m
[0mGET /assets/css/uikit.css [33m404 [0m3.201 ms - 128[0m
[0mGET /hakkimizda [32m200 [0m1.508 ms - 1853[0m
[0mGET /node_modules/uikit/dist/css/uikit.min.css [33m404 [0m8.185 ms - 128[0m
[0mGET /assets/css/uikit.css [33m404 [0m5.097 ms - 128[0m
[0mGET /node_modules/uikit/dist/js/uikit-icons.min.js [33m404 [0m5.273 ms - 128[0m
[0mGET /node_modules/uikit/dist/js/uikit.min.js [33m404 [0m5.586 ms - 128[0m
[0mGET /assets/css/uikit.css [33m404 [0m0.849 ms - 128[0m
[0mGET /node_modules/uikit/dist/css/uikit.min.css [33m404 [0m2.864 ms - 128[0m
[0mGET /hakkimizda [36m304 [0m9.924 ms - -[0m
[0mGET /node_modules/uikit/dist/css/uikit.min.css [33m404 [0m7.031 ms - 128[0m
[0mGET /assets/css/uikit.css [33m404 [0m7.254 ms - 128[0m
[0mGET /node_modules/uikit/dist/js/uikit-icons.min.js [33m404 [0m3.074 ms - 128[0m
[0mGET /node_modules/uikit/dist/js/uikit.min.js [33m404 [0m3.576 ms - 128[0m
[0mGET /robots.txt [33m404 [0m52.014 ms - 128[0m
[0mGET /robots.txt [33m404 [0m0.841 ms - 128[0m
server başlatıldı! http://localhost:3000
prod
prod
prod
prod
prod
